<?xml version="1.0" encoding="UTF-8"?>
<testsuite xmlns:xsi="http://www.w3.org/2001/XMLSchema-instance" xsi:noNamespaceSchemaLocation="https://maven.apache.org/surefire/maven-surefire-plugin/xsd/surefire-test-report-3.0.xsd" version="3.0" name="lk.nibm.ead2.cw1_hrms.AppTest" time="0.007" tests="0" errors="0" skipped="0" failures="0">
  <properties>
    <property name="java.specification.version" value="20"/>
    <property name="sun.cpu.isalist" value="amd64"/>
    <property name="sun.jnu.encoding" value="Cp1252"/>
    <property name="java.class.path" value="D:\NIBM\HDSE\EAD-2\Programming\CW1\cw1-hrms\target\test-classes;D:\NIBM\HDSE\EAD-2\Programming\CW1\cw1-hrms\target\classes;C:\Users\USER\.m2\repository\org\openjfx\javafx-controls\19\javafx-controls-19.jar;C:\Users\USER\.m2\repository\org\openjfx\javafx-controls\19\javafx-controls-19-win.jar;C:\Users\USER\.m2\repository\org\openjfx\javafx-graphics\19\javafx-graphics-19.jar;C:\Users\USER\.m2\repository\org\openjfx\javafx-graphics\19\javafx-graphics-19-win.jar;C:\Users\USER\.m2\repository\org\openjfx\javafx-base\19\javafx-base-19.jar;C:\Users\USER\.m2\repository\org\openjfx\javafx-base\19\javafx-base-19-win.jar;C:\Users\USER\.m2\repository\org\openjfx\javafx-web\19\javafx-web-19.jar;C:\Users\USER\.m2\repository\org\openjfx\javafx-web\19\javafx-web-19-win.jar;C:\Users\USER\.m2\repository\org\openjfx\javafx-media\19\javafx-media-19.jar;C:\Users\USER\.m2\repository\org\openjfx\javafx-media\19\javafx-media-19-win.jar;C:\Users\USER\.m2\repository\org\openjfx\javafx-fxml\19\javafx-fxml-19.jar;C:\Users\USER\.m2\repository\org\openjfx\javafx-fxml\19\javafx-fxml-19-win.jar;"/>
    <property name="java.vm.vendor" value="Oracle Corporation"/>
    <property name="sun.arch.data.model" value="64"/>
    <property name="user.variant" value=""/>
    <property name="java.vendor.url" value="https://java.oracle.com/"/>
    <property name="user.timezone" value="Asia/Colombo"/>
    <property name="os.name" value="Windows 11"/>
    <property name="java.vm.specification.version" value="20"/>
    <property name="sun.java.launcher" value="SUN_STANDARD"/>
    <property name="user.country" value="US"/>
    <property name="sun.boot.library.path" value="C:\Program Files\Java\jdk-20\bin"/>
    <property name="sun.java.command" value="C:\Users\USER\AppData\Local\Temp\surefire12525475021414088700\surefirebooter-20240210133537164_3.jar C:\Users\USER\AppData\Local\Temp\surefire12525475021414088700 2024-02-10T13-35-35_220-jvmRun1 surefire-20240210133537164_1tmp surefire_0-20240210133537164_2tmp"/>
    <property name="jdk.debug" value="release"/>
    <property name="surefire.test.class.path" value="D:\NIBM\HDSE\EAD-2\Programming\CW1\cw1-hrms\target\test-classes;D:\NIBM\HDSE\EAD-2\Programming\CW1\cw1-hrms\target\classes;C:\Users\USER\.m2\repository\org\openjfx\javafx-controls\19\javafx-controls-19.jar;C:\Users\USER\.m2\repository\org\openjfx\javafx-controls\19\javafx-controls-19-win.jar;C:\Users\USER\.m2\repository\org\openjfx\javafx-graphics\19\javafx-graphics-19.jar;C:\Users\USER\.m2\repository\org\openjfx\javafx-graphics\19\javafx-graphics-19-win.jar;C:\Users\USER\.m2\repository\org\openjfx\javafx-base\19\javafx-base-19.jar;C:\Users\USER\.m2\repository\org\openjfx\javafx-base\19\javafx-base-19-win.jar;C:\Users\USER\.m2\repository\org\openjfx\javafx-web\19\javafx-web-19.jar;C:\Users\USER\.m2\repository\org\openjfx\javafx-web\19\javafx-web-19-win.jar;C:\Users\USER\.m2\repository\org\openjfx\javafx-media\19\javafx-media-19.jar;C:\Users\USER\.m2\repository\org\openjfx\javafx-media\19\javafx-media-19-win.jar;C:\Users\USER\.m2\repository\org\openjfx\javafx-fxml\19\javafx-fxml-19.jar;C:\Users\USER\.m2\repository\org\openjfx\javafx-fxml\19\javafx-fxml-19-win.jar;"/>
    <property name="sun.cpu.endian" value="little"/>
    <property name="user.home" value="C:\Users\USER"/>
    <property name="user.language" value="en"/>
    <property name="java.specification.vendor" value="Oracle Corporation"/>
    <property name="java.version.date" value="2023-04-18"/>
    <property name="java.home" value="C:\Program Files\Java\jdk-20"/>
    <property name="file.separator" value="\"/>
    <property name="basedir" value="D:\NIBM\HDSE\EAD-2\Programming\CW1\cw1-hrms"/>
    <property name="style.color" value="always"/>
    <property name="java.vm.compressedOopsMode" value="32-bit"/>
    <property name="line.separator" value="&#10;"/>
    <property name="java.vm.specification.vendor" value="Oracle Corporation"/>
    <property name="java.specification.name" value="Java Platform API Specification"/>
    <property name="surefire.real.class.path" value="C:\Users\USER\AppData\Local\Temp\surefire12525475021414088700\surefirebooter-20240210133537164_3.jar"/>
    <property name="user.script" value=""/>
    <property name="sun.management.compiler" value="HotSpot 64-Bit Tiered Compilers"/>
    <property name="java.runtime.version" value="20.0.1+9-29"/>
    <property name="user.name" value="USER"/>
    <property name="stdout.encoding" value="Cp1252"/>
    <property name="path.separator" value=";"/>
    <property name="os.version" value="10.0"/>
    <property name="java.runtime.name" value="Java(TM) SE Runtime Environment"/>
    <property name="file.encoding" value="UTF-8"/>
    <property name="java.vm.name" value="Java HotSpot(TM) 64-Bit Server VM"/>
    <property name="localRepository" value="C:\Users\USER\.m2\repository"/>
    <property name="java.vendor.url.bug" value="https://bugreport.java.com/bugreport/"/>
    <property name="java.io.tmpdir" value="C:\Users\USER\AppData\Local\Temp\"/>
    <property name="java.version" value="20.0.1"/>
    <property name="user.dir" value="D:\NIBM\HDSE\EAD-2\Programming\CW1\cw1-hrms"/>
    <property name="os.arch" value="amd64"/>
    <property name="java.vm.specification.name" value="Java Virtual Machine Specification"/>
    <property name="sun.os.patch.level" value=""/>
    <property name="native.encoding" value="Cp1252"/>
    <property name="java.library.path" value="C:\Program Files\Java\jdk-20\bin;C:\Windows\Sun\Java\bin;C:\Windows\system32;C:\Windows;C:\Users\USER\Downloads\WINDOWS.X64_193000_db_home\bin;C:\Program Files\Common Files\Oracle\Java\javapath;C:\Windows\system32;C:\Windows;C:\Windows\System32\Wbem;C:\Windows\System32\WindowsPowerShell\v1.0\;C:\Windows\System32\OpenSSH\;C:\Program Files\dotnet\;C:\Program Files (x86)\Microsoft SQL Server\160\Tools\Binn\;C:\Program Files\Microsoft SQL Server\160\Tools\Binn\;C:\Program Files\Microsoft SQL Server\Client SDK\ODBC\170\Tools\Binn\;C:\Program Files\Microsoft SQL Server\160\DTS\Binn\;C:\Program Files (x86)\Microsoft SQL Server\160\DTS\Binn\;C:\Program Files\Azure Data Studio\bin;C:\Program Files\Java\jdk-20\bin;C:\Program Files\MySQL\MySQL Server 8.0\bin;C:\Program Files\Git\cmd;C:\Program Files\MongoDB\Server\7.0\bin;C:\sqlite3;C:\Program Files\MySQL\MySQL Shell 8.0\bin\;C:\Users\USER\AppData\Local\Microsoft\WindowsApps;C:\Users\USER\.dotnet\tools;C:\Program Files\Azure Data Studio\bin;C:\Users\USER\AppData\Local\Programs\Microsoft VS Code\bin;C:\Program Files\JetBrains\IntelliJ IDEA Community Edition 2023.1.3\bin;;."/>
    <property name="java.vm.info" value="mixed mode, sharing"/>
    <property name="stderr.encoding" value="Cp1252"/>
    <property name="java.vendor" value="Oracle Corporation"/>
    <property name="java.vm.version" value="20.0.1+9-29"/>
    <property name="sun.io.unicode.encoding" value="UnicodeLittle"/>
    <property name="java.class.version" value="64.0"/>
  </properties>
</testsuite>